#
# There is insufficient memory for the Java Runtime Environment to continue.
# Native memory allocation (malloc) failed to allocate 1994976 bytes. Error detail: Chunk::new
# Possible reasons:
#   The system is out of physical RAM or swap space
#   This process is running with CompressedOops enabled, and the Java Heap may be blocking the growth of the native heap
# Possible solutions:
#   Reduce memory load on the system
#   Increase physical memory or swap space
#   Check if swap backing store is full
#   Decrease Java heap size (-Xmx/-Xms)
#   Decrease number of Java threads
#   Decrease Java thread stack sizes (-Xss)
#   Set larger code cache with -XX:ReservedCodeCacheSize=
#   JVM is running with Unscaled Compressed Oops mode in which the Java heap is
#     placed in the first 4GB address space. The Java Heap base address is the
#     maximum limit for the native heap growth. Please use -XX:HeapBaseMinAddress
#     to set the Java Heap base and to place the Java Heap above 4GB virtual address.
# This output file may be truncated or incomplete.
#
#  Out of Memory Error (arena.cpp:168), pid=8180, tid=32268
#
# JRE version: OpenJDK Runtime Environment (21.0.4) (build 21.0.4+-12508038-b607.1)
# Java VM: OpenJDK 64-Bit Server VM (21.0.4+-12508038-b607.1, mixed mode, tiered, compressed oops, compressed class ptrs, g1 gc, windows-amd64)
# No core dump will be written. Minidumps are not enabled by default on client versions of Windows
#

---------------  S U M M A R Y ------------

Command Line: org.jetbrains.kotlin.cli.jvm.K2JVMCompiler @D:\project kotlin\app\build\20250629_1792741515550242541.compiler.options

Host: 11th Gen Intel(R) Core(TM) i5-1155G7 @ 2.50GHz, 8 cores, 7G,  Windows 11 , 64 bit Build 22621 (10.0.22621.5262)
Time: Sun Jun 29 03:36:18 2025 SE Asia Standard Time elapsed time: 7.997616 seconds (0d 0h 0m 7s)

---------------  T H R E A D  ---------------

Current thread (0x0000014fa1a6e6a0):  JavaThread "C2 CompilerThread1" daemon [_thread_in_native, id=32268, stack(0x000000051e200000,0x000000051e300000) (1024K)]


Current CompileTask:
C2:   7997 10727   !   4       jdk.internal.loader.BuiltinClassLoader::findClassOnClassPathOrNull (64 bytes)

Stack: [0x000000051e200000,0x000000051e300000]
Native frames: (J=compiled Java code, j=interpreted, Vv=VM code, C=native code)
V  [jvm.dll+0x6ce539]
V  [jvm.dll+0x85bf03]
V  [jvm.dll+0x85e45e]
V  [jvm.dll+0x85eb43]
V  [jvm.dll+0x27dd06]
V  [jvm.dll+0xbf9cd]
V  [jvm.dll+0xbff03]
V  [jvm.dll+0x3b4deb]
V  [jvm.dll+0x380f07]
V  [jvm.dll+0x38037a]
V  [jvm.dll+0x2473f2]
V  [jvm.dll+0x2469c1]
V  [jvm.dll+0x1c58a4]
V  [jvm.dll+0x255fec]
V  [jvm.dll+0x254536]
V  [jvm.dll+0x3efab6]
V  [jvm.dll+0x804418]
V  [jvm.dll+0x6cce0d]
C  [ucrtbase.dll+0x29333]
C  [KERNEL32.DLL+0x1259d]
C  [ntdll.dll+0x5af58]


---------------  P R O C E S S  ---------------

Threads class SMR info:
_java_thread_list=0x0000014fa1a50b90, length=12, elements={
0x0000014f88119220, 0x0000014fa188e920, 0x0000014fa184a9a0, 0x0000014fa1890fa0,
0x0000014fa18abbb0, 0x0000014fa18ac220, 0x0000014fa18acc80, 0x0000014fa18ae020,
0x0000014fa18b1fd0, 0x0000014fa1a4dc90, 0x0000014fa1a59520, 0x0000014fa1a6e6a0
}

Java Threads: ( => current thread )
  0x0000014f88119220 JavaThread "main"                              [_thread_in_Java, id=14052, stack(0x000000051d000000,0x000000051d100000) (1024K)]
  0x0000014fa188e920 JavaThread "Reference Handler"          daemon [_thread_blocked, id=2792, stack(0x000000051d800000,0x000000051d900000) (1024K)]
  0x0000014fa184a9a0 JavaThread "Finalizer"                  daemon [_thread_blocked, id=2384, stack(0x000000051d900000,0x000000051da00000) (1024K)]
  0x0000014fa1890fa0 JavaThread "Signal Dispatcher"          daemon [_thread_blocked, id=33572, stack(0x000000051da00000,0x000000051db00000) (1024K)]
  0x0000014fa18abbb0 JavaThread "Attach Listener"            daemon [_thread_blocked, id=33240, stack(0x000000051db00000,0x000000051dc00000) (1024K)]
  0x0000014fa18ac220 JavaThread "Service Thread"             daemon [_thread_blocked, id=31480, stack(0x000000051dc00000,0x000000051dd00000) (1024K)]
  0x0000014fa18acc80 JavaThread "Monitor Deflation Thread"   daemon [_thread_blocked, id=33476, stack(0x000000051dd00000,0x000000051de00000) (1024K)]
  0x0000014fa18ae020 JavaThread "C2 CompilerThread0"         daemon [_thread_in_native, id=20368, stack(0x000000051de00000,0x000000051df00000) (1024K)]
  0x0000014fa18b1fd0 JavaThread "C1 CompilerThread0"         daemon [_thread_in_native, id=18772, stack(0x000000051df00000,0x000000051e000000) (1024K)]
  0x0000014fa1a4dc90 JavaThread "Notification Thread"        daemon [_thread_blocked, id=5848, stack(0x000000051e000000,0x000000051e100000) (1024K)]
  0x0000014fa1a59520 JavaThread "Common-Cleaner"             daemon [_thread_blocked, id=22344, stack(0x000000051e100000,0x000000051e200000) (1024K)]
=>0x0000014fa1a6e6a0 JavaThread "C2 CompilerThread1"         daemon [_thread_in_native, id=32268, stack(0x000000051e200000,0x000000051e300000) (1024K)]
Total: 12

Other Threads:
  0x0000014fa1828450 VMThread "VM Thread"                           [id=24396, stack(0x000000051d700000,0x000000051d800000) (1024K)]
  0x0000014fa166e280 WatcherThread "VM Periodic Task Thread"        [id=28500, stack(0x000000051d600000,0x000000051d700000) (1024K)]
  0x0000014f8816c500 WorkerThread "GC Thread#0"                     [id=30688, stack(0x000000051d100000,0x000000051d200000) (1024K)]
  0x0000014fa64f3470 WorkerThread "GC Thread#1"                     [id=25908, stack(0x000000051e300000,0x000000051e400000) (1024K)]
  0x0000014fa64d3ce0 WorkerThread "GC Thread#2"                     [id=6788, stack(0x000000051e400000,0x000000051e500000) (1024K)]
  0x0000014fa6375f90 WorkerThread "GC Thread#3"                     [id=9136, stack(0x000000051e500000,0x000000051e600000) (1024K)]
  0x0000014fa6376330 WorkerThread "GC Thread#4"                     [id=24584, stack(0x000000051e600000,0x000000051e700000) (1024K)]
  0x0000014fa64d9630 WorkerThread "GC Thread#5"                     [id=20916, stack(0x000000051e700000,0x000000051e800000) (1024K)]
  0x0000014fa69a62b0 WorkerThread "GC Thread#6"                     [id=3996, stack(0x000000051e800000,0x000000051e900000) (1024K)]
  0x0000014fa69a5090 WorkerThread "GC Thread#7"                     [id=32020, stack(0x000000051e900000,0x000000051ea00000) (1024K)]
  0x0000014f8817cf90 ConcurrentGCThread "G1 Main Marker"            [id=13564, stack(0x000000051d200000,0x000000051d300000) (1024K)]
  0x0000014f8817da90 WorkerThread "G1 Conc#0"                       [id=7912, stack(0x000000051d300000,0x000000051d400000) (1024K)]
  0x0000014fa69a5b70 WorkerThread "G1 Conc#1"                       [id=32248, stack(0x000000051ea00000,0x000000051eb00000) (1024K)]
  0x0000014fa153c530 ConcurrentGCThread "G1 Refine#0"               [id=33856, stack(0x000000051d400000,0x000000051d500000) (1024K)]
  0x0000014fa153ceb0 ConcurrentGCThread "G1 Service"                [id=12452, stack(0x000000051d500000,0x000000051d600000) (1024K)]
Total: 15

Threads with active compile tasks:
C2 CompilerThread0     8012 10784       4       org.jetbrains.kotlin.ir.util.TypeTranslator::translateType (628 bytes)
C1 CompilerThread0     8012 10923       3       org.jetbrains.kotlin.ir.util.IrUtilsKt::getFqNameWhenAvailable (77 bytes)
C2 CompilerThread1     8012 10727   !   4       jdk.internal.loader.BuiltinClassLoader::findClassOnClassPathOrNull (64 bytes)
Total: 3

VM state: not at safepoint (normal execution)

VM Mutex/Monitor currently owned by a thread: None

Heap address: 0x0000000083600000, size: 1994 MB, Compressed Oops mode: 32-bit

CDS archive(s) not mapped
Compressed class space mapped at: 0x0000000100000000-0x0000000140000000, reserved size: 1073741824
Narrow klass base: 0x0000000000000000, Narrow klass shift: 3, Narrow klass range: 0x140000000

GC Precious Log:
 CardTable entry size: 512
 Card Set container configuration: InlinePtr #cards 5 size 8 Array Of Cards #cards 12 size 40 Howl #buckets 4 coarsen threshold 1843 Howl Bitmap #cards 512 size 80 coarsen threshold 460 Card regions per heap region 1 cards per card region 2048
 CPUs: 8 total, 8 available
 Memory: 7975M
 Large Page Support: Disabled
 NUMA Support: Disabled
 Compressed Oops: Enabled (32-bit)
 Heap Region Size: 1M
 Heap Min Capacity: 8M
 Heap Initial Capacity: 126M
 Heap Max Capacity: 1994M
 Pre-touch: Disabled
 Parallel Workers: 8
 Concurrent Workers: 2
 Concurrent Refinement Workers: 8
 Periodic GC: Disabled

Heap:
 garbage-first heap   total 110592K, used 62914K [0x0000000083600000, 0x0000000100000000)
  region size 1024K, 9 young (9216K), 4 survivors (4096K)
 Metaspace       used 74674K, committed 75456K, reserved 1179648K
  class space    used 8380K, committed 8768K, reserved 1048576K

Heap Regions: E=young(eden), S=young(survivor), O=old, HS=humongous(starts), HC=humongous(continues), CS=collection set, F=free, TAMS=top-at-mark-start, PB=parsable bottom
|   0|0x0000000083600000, 0x0000000083700000, 0x0000000083700000|100%|HS|  |TAMS 0x0000000083600000| PB 0x0000000083600000| Complete 
|   1|0x0000000083700000, 0x0000000083800000, 0x0000000083800000|100%|HC|  |TAMS 0x0000000083700000| PB 0x0000000083700000| Complete 
|   2|0x0000000083800000, 0x0000000083900000, 0x0000000083900000|100%|HC|  |TAMS 0x0000000083800000| PB 0x0000000083800000| Complete 
|   3|0x0000000083900000, 0x0000000083a00000, 0x0000000083a00000|100%|HC|  |TAMS 0x0000000083900000| PB 0x0000000083900000| Complete 
|   4|0x0000000083a00000, 0x0000000083b00000, 0x0000000083b00000|100%| O|  |TAMS 0x0000000083a00000| PB 0x0000000083a00000| Untracked 
|   5|0x0000000083b00000, 0x0000000083c00000, 0x0000000083c00000|100%| O|  |TAMS 0x0000000083b00000| PB 0x0000000083b00000| Untracked 
|   6|0x0000000083c00000, 0x0000000083d00000, 0x0000000083d00000|100%| O|  |TAMS 0x0000000083c00000| PB 0x0000000083c00000| Untracked 
|   7|0x0000000083d00000, 0x0000000083e00000, 0x0000000083e00000|100%| O|  |TAMS 0x0000000083d00000| PB 0x0000000083d00000| Untracked 
|   8|0x0000000083e00000, 0x0000000083f00000, 0x0000000083f00000|100%| O|  |TAMS 0x0000000083e00000| PB 0x0000000083e00000| Untracked 
|   9|0x0000000083f00000, 0x0000000084000000, 0x0000000084000000|100%| O|  |TAMS 0x0000000083f00000| PB 0x0000000083f00000| Untracked 
|  10|0x0000000084000000, 0x0000000084100000, 0x0000000084100000|100%| O|  |TAMS 0x0000000084000000| PB 0x0000000084000000| Untracked 
|  11|0x0000000084100000, 0x0000000084200000, 0x0000000084200000|100%| O|  |TAMS 0x0000000084100000| PB 0x0000000084100000| Untracked 
|  12|0x0000000084200000, 0x0000000084300000, 0x0000000084300000|100%| O|  |TAMS 0x0000000084200000| PB 0x0000000084200000| Untracked 
|  13|0x0000000084300000, 0x0000000084400000, 0x0000000084400000|100%| O|  |TAMS 0x0000000084300000| PB 0x0000000084300000| Untracked 
|  14|0x0000000084400000, 0x0000000084500000, 0x0000000084500000|100%| O|  |TAMS 0x0000000084400000| PB 0x0000000084400000| Untracked 
|  15|0x0000000084500000, 0x0000000084600000, 0x0000000084600000|100%| O|  |TAMS 0x0000000084500000| PB 0x0000000084500000| Untracked 
|  16|0x0000000084600000, 0x0000000084700000, 0x0000000084700000|100%| O|  |TAMS 0x0000000084600000| PB 0x0000000084600000| Untracked 
|  17|0x0000000084700000, 0x0000000084800000, 0x0000000084800000|100%| O|  |TAMS 0x0000000084700000| PB 0x0000000084700000| Untracked 
|  18|0x0000000084800000, 0x0000000084900000, 0x0000000084900000|100%| O|  |TAMS 0x0000000084800000| PB 0x0000000084800000| Untracked 
|  19|0x0000000084900000, 0x0000000084a00000, 0x0000000084a00000|100%| O|  |TAMS 0x0000000084900000| PB 0x0000000084900000| Untracked 
|  20|0x0000000084a00000, 0x0000000084b00000, 0x0000000084b00000|100%|HS|  |TAMS 0x0000000084a00000| PB 0x0000000084a00000| Complete 
|  21|0x0000000084b00000, 0x0000000084c00000, 0x0000000084c00000|100%|HC|  |TAMS 0x0000000084b00000| PB 0x0000000084b00000| Complete 
|  22|0x0000000084c00000, 0x0000000084d00000, 0x0000000084d00000|100%| O|  |TAMS 0x0000000084c00000| PB 0x0000000084c00000| Untracked 
|  23|0x0000000084d00000, 0x0000000084e00000, 0x0000000084e00000|100%| O|  |TAMS 0x0000000084d00000| PB 0x0000000084d00000| Untracked 
|  24|0x0000000084e00000, 0x0000000084f00000, 0x0000000084f00000|100%| O|  |TAMS 0x0000000084e00000| PB 0x0000000084e00000| Untracked 
|  25|0x0000000084f00000, 0x0000000085000000, 0x0000000085000000|100%| O|  |TAMS 0x0000000084f00000| PB 0x0000000084f00000| Untracked 
|  26|0x0000000085000000, 0x0000000085100000, 0x0000000085100000|100%| O|  |TAMS 0x0000000085000000| PB 0x0000000085000000| Untracked 
|  27|0x0000000085100000, 0x0000000085200000, 0x0000000085200000|100%| O|  |TAMS 0x0000000085100000| PB 0x0000000085100000| Untracked 
|  28|0x0000000085200000, 0x0000000085300000, 0x0000000085300000|100%| O|  |TAMS 0x0000000085200000| PB 0x0000000085200000| Untracked 
|  29|0x0000000085300000, 0x0000000085400000, 0x0000000085400000|100%| O|  |TAMS 0x0000000085300000| PB 0x0000000085300000| Untracked 
|  30|0x0000000085400000, 0x0000000085500000, 0x0000000085500000|100%| O|  |TAMS 0x0000000085400000| PB 0x0000000085400000| Untracked 
|  31|0x0000000085500000, 0x0000000085600000, 0x0000000085600000|100%| O|  |TAMS 0x0000000085500000| PB 0x0000000085500000| Untracked 
|  32|0x0000000085600000, 0x0000000085700000, 0x0000000085700000|100%| O|  |TAMS 0x0000000085600000| PB 0x0000000085600000| Untracked 
|  33|0x0000000085700000, 0x0000000085800000, 0x0000000085800000|100%| O|  |TAMS 0x0000000085700000| PB 0x0000000085700000| Untracked 
|  34|0x0000000085800000, 0x0000000085900000, 0x0000000085900000|100%| O|  |TAMS 0x0000000085800000| PB 0x0000000085800000| Untracked 
|  35|0x0000000085900000, 0x0000000085a00000, 0x0000000085a00000|100%| O|  |TAMS 0x0000000085900000| PB 0x0000000085900000| Untracked 
|  36|0x0000000085a00000, 0x0000000085b00000, 0x0000000085b00000|100%| O|  |TAMS 0x0000000085a00000| PB 0x0000000085a00000| Untracked 
|  37|0x0000000085b00000, 0x0000000085c00000, 0x0000000085c00000|100%| O|  |TAMS 0x0000000085b00000| PB 0x0000000085b00000| Untracked 
|  38|0x0000000085c00000, 0x0000000085d00000, 0x0000000085d00000|100%| O|  |TAMS 0x0000000085c00000| PB 0x0000000085c00000| Untracked 
|  39|0x0000000085d00000, 0x0000000085e00000, 0x0000000085e00000|100%| O|  |TAMS 0x0000000085d00000| PB 0x0000000085d00000| Untracked 
|  40|0x0000000085e00000, 0x0000000085f00000, 0x0000000085f00000|100%| O|  |TAMS 0x0000000085e00000| PB 0x0000000085e00000| Untracked 
|  41|0x0000000085f00000, 0x0000000086000000, 0x0000000086000000|100%| O|  |TAMS 0x0000000085f00000| PB 0x0000000085f00000| Untracked 
|  42|0x0000000086000000, 0x0000000086000000, 0x0000000086100000|  0%| F|  |TAMS 0x0000000086000000| PB 0x0000000086000000| Untracked 
|  43|0x0000000086100000, 0x0000000086200000, 0x0000000086200000|100%| O|  |TAMS 0x0000000086100000| PB 0x0000000086100000| Untracked 
|  44|0x0000000086200000, 0x0000000086200000, 0x0000000086300000|  0%| F|  |TAMS 0x0000000086200000| PB 0x0000000086200000| Untracked 
|  45|0x0000000086300000, 0x0000000086400000, 0x0000000086400000|100%| O|  |TAMS 0x0000000086300000| PB 0x0000000086300000| Untracked 
|  46|0x0000000086400000, 0x0000000086500000, 0x0000000086500000|100%| O|  |TAMS 0x0000000086400000| PB 0x0000000086400000| Untracked 
|  47|0x0000000086500000, 0x0000000086600000, 0x0000000086600000|100%| O|  |TAMS 0x0000000086500000| PB 0x0000000086500000| Untracked 
|  48|0x0000000086600000, 0x0000000086700000, 0x0000000086700000|100%| O|  |TAMS 0x0000000086600000| PB 0x0000000086600000| Untracked 
|  49|0x0000000086700000, 0x0000000086800000, 0x0000000086800000|100%| O|  |TAMS 0x0000000086700000| PB 0x0000000086700000| Untracked 
|  50|0x0000000086800000, 0x0000000086900000, 0x0000000086900000|100%| O|  |TAMS 0x0000000086800000| PB 0x0000000086800000| Untracked 
|  51|0x0000000086900000, 0x0000000086a00000, 0x0000000086a00000|100%| O|  |TAMS 0x0000000086900000| PB 0x0000000086900000| Untracked 
|  52|0x0000000086a00000, 0x0000000086b00000, 0x0000000086b00000|100%| O|  |TAMS 0x0000000086a00000| PB 0x0000000086a00000| Untracked 
|  53|0x0000000086b00000, 0x0000000086c00000, 0x0000000086c00000|100%| O|  |TAMS 0x0000000086b00000| PB 0x0000000086b00000| Untracked 
|  54|0x0000000086c00000, 0x0000000086d00000, 0x0000000086d00000|100%| O|  |TAMS 0x0000000086c00000| PB 0x0000000086c00000| Untracked 
|  55|0x0000000086d00000, 0x0000000086d709e0, 0x0000000086e00000| 43%| O|  |TAMS 0x0000000086d00000| PB 0x0000000086d00000| Untracked 
|  56|0x0000000086e00000, 0x0000000086e00000, 0x0000000086f00000|  0%| F|  |TAMS 0x0000000086e00000| PB 0x0000000086e00000| Untracked 
|  57|0x0000000086f00000, 0x0000000086f00000, 0x0000000087000000|  0%| F|  |TAMS 0x0000000086f00000| PB 0x0000000086f00000| Untracked 
|  58|0x0000000087000000, 0x0000000087000000, 0x0000000087100000|  0%| F|  |TAMS 0x0000000087000000| PB 0x0000000087000000| Untracked 
|  59|0x0000000087100000, 0x0000000087200000, 0x0000000087200000|100%| S|CS|TAMS 0x0000000087100000| PB 0x0000000087100000| Complete 
|  60|0x0000000087200000, 0x0000000087300000, 0x0000000087300000|100%| S|CS|TAMS 0x0000000087200000| PB 0x0000000087200000| Complete 
|  61|0x0000000087300000, 0x0000000087400000, 0x0000000087400000|100%| S|CS|TAMS 0x0000000087300000| PB 0x0000000087300000| Complete 
|  62|0x0000000087400000, 0x0000000087500000, 0x0000000087500000|100%| S|CS|TAMS 0x0000000087400000| PB 0x0000000087400000| Complete 
|  63|0x0000000087500000, 0x0000000087500000, 0x0000000087600000|  0%| F|  |TAMS 0x0000000087500000| PB 0x0000000087500000| Untracked 
|  64|0x0000000087600000, 0x0000000087600000, 0x0000000087700000|  0%| F|  |TAMS 0x0000000087600000| PB 0x0000000087600000| Untracked 
|  65|0x0000000087700000, 0x0000000087700000, 0x0000000087800000|  0%| F|  |TAMS 0x0000000087700000| PB 0x0000000087700000| Untracked 
|  66|0x0000000087800000, 0x0000000087800000, 0x0000000087900000|  0%| F|  |TAMS 0x0000000087800000| PB 0x0000000087800000| Untracked 
|  67|0x0000000087900000, 0x0000000087900000, 0x0000000087a00000|  0%| F|  |TAMS 0x0000000087900000| PB 0x0000000087900000| Untracked 
|  68|0x0000000087a00000, 0x0000000087a00000, 0x0000000087b00000|  0%| F|  |TAMS 0x0000000087a00000| PB 0x0000000087a00000| Untracked 
|  69|0x0000000087b00000, 0x0000000087b00000, 0x0000000087c00000|  0%| F|  |TAMS 0x0000000087b00000| PB 0x0000000087b00000| Untracked 
|  70|0x0000000087c00000, 0x0000000087c00000, 0x0000000087d00000|  0%| F|  |TAMS 0x0000000087c00000| PB 0x0000000087c00000| Untracked 
|  71|0x0000000087d00000, 0x0000000087d00000, 0x0000000087e00000|  0%| F|  |TAMS 0x0000000087d00000| PB 0x0000000087d00000| Untracked 
|  72|0x0000000087e00000, 0x0000000087e00000, 0x0000000087f00000|  0%| F|  |TAMS 0x0000000087e00000| PB 0x0000000087e00000| Untracked 
|  73|0x0000000087f00000, 0x0000000087f00000, 0x0000000088000000|  0%| F|  |TAMS 0x0000000087f00000| PB 0x0000000087f00000| Untracked 
|  74|0x0000000088000000, 0x0000000088000000, 0x0000000088100000|  0%| F|  |TAMS 0x0000000088000000| PB 0x0000000088000000| Untracked 
|  75|0x0000000088100000, 0x0000000088100000, 0x0000000088200000|  0%| F|  |TAMS 0x0000000088100000| PB 0x0000000088100000| Untracked 
|  76|0x0000000088200000, 0x0000000088200000, 0x0000000088300000|  0%| F|  |TAMS 0x0000000088200000| PB 0x0000000088200000| Untracked 
|  77|0x0000000088300000, 0x0000000088300000, 0x0000000088400000|  0%| F|  |TAMS 0x0000000088300000| PB 0x0000000088300000| Untracked 
|  78|0x0000000088400000, 0x0000000088400000, 0x0000000088500000|  0%| F|  |TAMS 0x0000000088400000| PB 0x0000000088400000| Untracked 
|  79|0x0000000088500000, 0x0000000088500000, 0x0000000088600000|  0%| F|  |TAMS 0x0000000088500000| PB 0x0000000088500000| Untracked 
|  80|0x0000000088600000, 0x0000000088600000, 0x0000000088700000|  0%| F|  |TAMS 0x0000000088600000| PB 0x0000000088600000| Untracked 
|  81|0x0000000088700000, 0x0000000088700000, 0x0000000088800000|  0%| F|  |TAMS 0x0000000088700000| PB 0x0000000088700000| Untracked 
|  82|0x0000000088800000, 0x0000000088800000, 0x0000000088900000|  0%| F|  |TAMS 0x0000000088800000| PB 0x0000000088800000| Untracked 
|  83|0x0000000088900000, 0x0000000088900000, 0x0000000088a00000|  0%| F|  |TAMS 0x0000000088900000| PB 0x0000000088900000| Untracked 
|  84|0x0000000088a00000, 0x0000000088a00000, 0x0000000088b00000|  0%| F|  |TAMS 0x0000000088a00000| PB 0x0000000088a00000| Untracked 
|  85|0x0000000088b00000, 0x0000000088b00000, 0x0000000088c00000|  0%| F|  |TAMS 0x0000000088b00000| PB 0x0000000088b00000| Untracked 
|  86|0x0000000088c00000, 0x0000000088c00000, 0x0000000088d00000|  0%| F|  |TAMS 0x0000000088c00000| PB 0x0000000088c00000| Untracked 
|  87|0x0000000088d00000, 0x0000000088d00000, 0x0000000088e00000|  0%| F|  |TAMS 0x0000000088d00000| PB 0x0000000088d00000| Untracked 
|  88|0x0000000088e00000, 0x0000000088e00000, 0x0000000088f00000|  0%| F|  |TAMS 0x0000000088e00000| PB 0x0000000088e00000| Untracked 
|  89|0x0000000088f00000, 0x0000000088f00000, 0x0000000089000000|  0%| F|  |TAMS 0x0000000088f00000| PB 0x0000000088f00000| Untracked 
|  90|0x0000000089000000, 0x0000000089000000, 0x0000000089100000|  0%| F|  |TAMS 0x0000000089000000| PB 0x0000000089000000| Untracked 
|  91|0x0000000089100000, 0x0000000089100000, 0x0000000089200000|  0%| F|  |TAMS 0x0000000089100000| PB 0x0000000089100000| Untracked 
|  92|0x0000000089200000, 0x0000000089200000, 0x0000000089300000|  0%| F|  |TAMS 0x0000000089200000| PB 0x0000000089200000| Untracked 
|  93|0x0000000089300000, 0x0000000089300000, 0x0000000089400000|  0%| F|  |TAMS 0x0000000089300000| PB 0x0000000089300000| Untracked 
|  94|0x0000000089400000, 0x0000000089400000, 0x0000000089500000|  0%| F|  |TAMS 0x0000000089400000| PB 0x0000000089400000| Untracked 
|  95|0x0000000089500000, 0x0000000089500000, 0x0000000089600000|  0%| F|  |TAMS 0x0000000089500000| PB 0x0000000089500000| Untracked 
|  96|0x0000000089600000, 0x0000000089600000, 0x0000000089700000|  0%| F|  |TAMS 0x0000000089600000| PB 0x0000000089600000| Untracked 
|  97|0x0000000089700000, 0x0000000089700000, 0x0000000089800000|  0%| F|  |TAMS 0x0000000089700000| PB 0x0000000089700000| Untracked 
|  98|0x0000000089800000, 0x0000000089800000, 0x0000000089900000|  0%| F|  |TAMS 0x0000000089800000| PB 0x0000000089800000| Untracked 
|  99|0x0000000089900000, 0x0000000089900000, 0x0000000089a00000|  0%| F|  |TAMS 0x0000000089900000| PB 0x0000000089900000| Untracked 
| 100|0x0000000089a00000, 0x0000000089a00000, 0x0000000089b00000|  0%| F|  |TAMS 0x0000000089a00000| PB 0x0000000089a00000| Untracked 
| 101|0x0000000089b00000, 0x0000000089b00000, 0x0000000089c00000|  0%| F|  |TAMS 0x0000000089b00000| PB 0x0000000089b00000| Untracked 
| 102|0x0000000089c00000, 0x0000000089c00000, 0x0000000089d00000|  0%| F|  |TAMS 0x0000000089c00000| PB 0x0000000089c00000| Untracked 
| 103|0x0000000089d00000, 0x0000000089d758a0, 0x0000000089e00000| 45%| E|  |TAMS 0x0000000089d00000| PB 0x0000000089d00000| Complete 
| 104|0x0000000089e00000, 0x0000000089f00000, 0x0000000089f00000|100%| E|CS|TAMS 0x0000000089e00000| PB 0x0000000089e00000| Complete 
| 105|0x0000000089f00000, 0x000000008a000000, 0x000000008a000000|100%| E|CS|TAMS 0x0000000089f00000| PB 0x0000000089f00000| Complete 
| 106|0x000000008a000000, 0x000000008a100000, 0x000000008a100000|100%| E|CS|TAMS 0x000000008a000000| PB 0x000000008a000000| Complete 
| 125|0x000000008b300000, 0x000000008b400000, 0x000000008b400000|100%| E|CS|TAMS 0x000000008b300000| PB 0x000000008b300000| Complete 

Card table byte_map: [0x0000014f9c8b0000,0x0000014f9cca0000] _byte_map_base: 0x0000014f9c495000

Marking Bits: (CMBitMap*) 0x0000014f8816cc00
 Bits: [0x0000014f9cca0000, 0x0000014f9ebc8000)

Polling page: 0x0000014f881e0000

Metaspace:

Usage:
  Non-class:     64.75 MB used.
      Class:      8.18 MB used.
       Both:     72.93 MB used.

Virtual space:
  Non-class space:      128.00 MB reserved,      65.19 MB ( 51%) committed,  2 nodes.
      Class space:        1.00 GB reserved,       8.56 MB ( <1%) committed,  1 nodes.
             Both:        1.12 GB reserved,      73.75 MB (  6%) committed. 

Chunk freelists:
   Non-Class:  14.36 MB
       Class:  7.34 MB
        Both:  21.70 MB

MaxMetaspaceSize: unlimited
CompressedClassSpaceSize: 1.00 GB
Initial GC threshold: 21.00 MB
Current GC threshold: 111.88 MB
CDS: off
 - commit_granule_bytes: 65536.
 - commit_granule_words: 8192.
 - virtual_space_node_default_size: 8388608.
 - enlarge_chunks_in_place: 1.
 - use_allocation_guard: 0.


Internal statistics:

num_allocs_failed_limit: 6.
num_arena_births: 1296.
num_arena_deaths: 0.
num_vsnodes_births: 3.
num_vsnodes_deaths: 0.
num_space_committed: 1178.
num_space_uncommitted: 0.
num_chunks_returned_to_freelist: 6.
num_chunks_taken_from_freelist: 3827.
num_chunk_merges: 6.
num_chunk_splits: 2941.
num_chunks_enlarged: 2318.
num_inconsistent_stats: 0.

CodeHeap 'non-profiled nmethods': size=120000Kb used=5198Kb max_used=5198Kb free=114801Kb
 bounds [0x0000014f94500000, 0x0000014f94a20000, 0x0000014f9ba30000]
CodeHeap 'profiled nmethods': size=120000Kb used=28409Kb max_used=28409Kb free=91590Kb
 bounds [0x0000014f8ca30000, 0x0000014f8e5f0000, 0x0000014f93f60000]
CodeHeap 'non-nmethods': size=5760Kb used=1924Kb max_used=1958Kb free=3835Kb
 bounds [0x0000014f93f60000, 0x0000014f941d0000, 0x0000014f94500000]
 total_blobs=10487 nmethods=9740 adapters=649
 compilation: enabled
              stopped_count=0, restarted_count=0
 full_count=0

Compilation events (20 events):
Event: 7.992 Thread 0x0000014fa18b1fd0 nmethod 10891 0x0000014f8e5bf590 code [0x0000014f8e5bf7a0, 0x0000014f8e5bff68]
Event: 7.992 Thread 0x0000014fa18b1fd0 10892       3       org.jetbrains.kotlin.com.intellij.util.containers.JBIterator$1::nextImpl (29 bytes)
Event: 7.992 Thread 0x0000014fa18b1fd0 nmethod 10892 0x0000014f8e5c0110 code [0x0000014f8e5c02e0, 0x0000014f8e5c06b8]
Event: 7.992 Thread 0x0000014fa18b1fd0 10893       3       org.jetbrains.kotlin.com.intellij.psi.impl.compiled.ClsClassImpl::getModifierList (5 bytes)
Event: 7.992 Thread 0x0000014fa18b1fd0 nmethod 10893 0x0000014f8e5c0810 code [0x0000014f8e5c0a40, 0x0000014f8e5c1448]
Event: 7.993 Thread 0x0000014fa18b1fd0 10895       3       org.jetbrains.kotlin.com.intellij.util.containers.JBIterable::filter (20 bytes)
Event: 7.993 Thread 0x0000014fa18b1fd0 nmethod 10895 0x0000014f8e5c1710 code [0x0000014f8e5c1920, 0x0000014f8e5c1f60]
Event: 7.993 Thread 0x0000014fa18b1fd0 10896       3       org.jetbrains.kotlin.com.intellij.util.containers.JBIterable$$Lambda/0x0000000100692bd8::<init> (10 bytes)
Event: 7.993 Thread 0x0000014fa18b1fd0 nmethod 10896 0x0000014f8e5c2190 code [0x0000014f8e5c2320, 0x0000014f8e5c24d8]
Event: 7.993 Thread 0x0000014fa18b1fd0 10897       3       org.jetbrains.kotlin.com.intellij.psi.impl.JavaPsiFacadeImpl::getElementFactory (17 bytes)
Event: 7.993 Thread 0x0000014fa18b1fd0 nmethod 10897 0x0000014f8e5c2590 code [0x0000014f8e5c2780, 0x0000014f8e5c2c90]
Event: 7.994 Thread 0x0000014fa18b1fd0 10898       3       org.jetbrains.kotlin.com.intellij.psi.JavaPsiFacade::getElementFactory (16 bytes)
Event: 7.994 Thread 0x0000014fa18b1fd0 nmethod 10898 0x0000014f8e5c2e90 code [0x0000014f8e5c30e0, 0x0000014f8e5c3a70]
Event: 7.994 Thread 0x0000014fa18b1fd0 10899       3       org.jetbrains.kotlin.com.intellij.util.ObjectUtils::nullizeIfDefaultValue (20 bytes)
Event: 7.994 Thread 0x0000014fa18b1fd0 nmethod 10899 0x0000014f8e5c3e10 code [0x0000014f8e5c3fc0, 0x0000014f8e5c4180]
Event: 7.994 Thread 0x0000014fa18b1fd0 10900       3       org.jetbrains.kotlin.com.intellij.util.CachedValuesManagerImpl::freshCachedValue (47 bytes)
Event: 7.994 Thread 0x0000014fa18b1fd0 nmethod 10900 0x0000014f8e5c4210 code [0x0000014f8e5c4400, 0x0000014f8e5c4740]
Event: 7.995 Thread 0x0000014fa18b1fd0 10903       3       org.jetbrains.kotlin.com.intellij.psi.impl.PsiImplUtil::multiResolveImpl (153 bytes)
Event: 7.995 Thread 0x0000014fa18b1fd0 nmethod 10903 0x0000014f8e5c4910 code [0x0000014f8e5c4be0, 0x0000014f8e5c58c8]
Event: 7.995 Thread 0x0000014fa18b1fd0 10908       3       org.jetbrains.kotlin.com.intellij.psi.impl.source.resolve.ResolveCache::getMap (77 bytes)

GC Heap History (20 events):
Event: 4.321 GC heap before
{Heap before GC invocations=20 (full 0):
 garbage-first heap   total 68608K, used 56114K [0x0000000083600000, 0x0000000100000000)
  region size 1024K, 26 young (26624K), 4 survivors (4096K)
 Metaspace       used 51057K, committed 51776K, reserved 1114112K
  class space    used 5918K, committed 6272K, reserved 1048576K
}
Event: 4.336 GC heap after
{Heap after GC invocations=21 (full 0):
 garbage-first heap   total 68608K, used 38400K [0x0000000083600000, 0x0000000100000000)
  region size 1024K, 4 young (4096K), 4 survivors (4096K)
 Metaspace       used 51057K, committed 51776K, reserved 1114112K
  class space    used 5918K, committed 6272K, reserved 1048576K
}
Event: 4.459 GC heap before
{Heap before GC invocations=21 (full 0):
 garbage-first heap   total 68608K, used 57856K [0x0000000083600000, 0x0000000100000000)
  region size 1024K, 23 young (23552K), 4 survivors (4096K)
 Metaspace       used 51377K, committed 52096K, reserved 1114112K
  class space    used 5941K, committed 6272K, reserved 1048576K
}
Event: 4.470 GC heap after
{Heap after GC invocations=22 (full 0):
 garbage-first heap   total 68608K, used 40630K [0x0000000083600000, 0x0000000100000000)
  region size 1024K, 2 young (2048K), 2 survivors (2048K)
 Metaspace       used 51377K, committed 52096K, reserved 1114112K
  class space    used 5941K, committed 6272K, reserved 1048576K
}
Event: 4.779 GC heap before
{Heap before GC invocations=23 (full 0):
 garbage-first heap   total 68608K, used 59062K [0x0000000083600000, 0x0000000100000000)
  region size 1024K, 21 young (21504K), 2 survivors (2048K)
 Metaspace       used 55670K, committed 56320K, reserved 1114112K
  class space    used 6532K, committed 6848K, reserved 1048576K
}
Event: 4.784 GC heap after
{Heap after GC invocations=24 (full 0):
 garbage-first heap   total 68608K, used 41075K [0x0000000083600000, 0x0000000100000000)
  region size 1024K, 3 young (3072K), 3 survivors (3072K)
 Metaspace       used 55670K, committed 56320K, reserved 1114112K
  class space    used 6532K, committed 6848K, reserved 1048576K
}
Event: 5.147 GC heap before
{Heap before GC invocations=24 (full 0):
 garbage-first heap   total 68608K, used 60531K [0x0000000083600000, 0x0000000100000000)
  region size 1024K, 22 young (22528K), 3 survivors (3072K)
 Metaspace       used 58359K, committed 59072K, reserved 1114112K
  class space    used 6876K, committed 7232K, reserved 1048576K
}
Event: 5.156 GC heap after
{Heap after GC invocations=25 (full 0):
 garbage-first heap   total 68608K, used 44653K [0x0000000083600000, 0x0000000100000000)
  region size 1024K, 3 young (3072K), 3 survivors (3072K)
 Metaspace       used 58359K, committed 59072K, reserved 1114112K
  class space    used 6876K, committed 7232K, reserved 1048576K
}
Event: 5.536 GC heap before
{Heap before GC invocations=25 (full 0):
 garbage-first heap   total 68608K, used 60013K [0x0000000083600000, 0x0000000100000000)
  region size 1024K, 18 young (18432K), 3 survivors (3072K)
 Metaspace       used 60440K, committed 61184K, reserved 1114112K
  class space    used 7166K, committed 7552K, reserved 1048576K
}
Event: 5.542 GC heap after
{Heap after GC invocations=26 (full 0):
 garbage-first heap   total 82944K, used 46432K [0x0000000083600000, 0x0000000100000000)
  region size 1024K, 2 young (2048K), 2 survivors (2048K)
 Metaspace       used 60440K, committed 61184K, reserved 1114112K
  class space    used 7166K, committed 7552K, reserved 1048576K
}
Event: 6.164 GC heap before
{Heap before GC invocations=27 (full 0):
 garbage-first heap   total 82944K, used 71008K [0x0000000083600000, 0x0000000100000000)
  region size 1024K, 26 young (26624K), 2 survivors (2048K)
 Metaspace       used 62690K, committed 63424K, reserved 1114112K
  class space    used 7351K, committed 7744K, reserved 1048576K
}
Event: 6.175 GC heap after
{Heap after GC invocations=28 (full 0):
 garbage-first heap   total 82944K, used 49694K [0x0000000083600000, 0x0000000100000000)
  region size 1024K, 4 young (4096K), 4 survivors (4096K)
 Metaspace       used 62690K, committed 63424K, reserved 1114112K
  class space    used 7351K, committed 7744K, reserved 1048576K
}
Event: 6.881 GC heap before
{Heap before GC invocations=28 (full 0):
 garbage-first heap   total 82944K, used 72222K [0x0000000083600000, 0x0000000100000000)
  region size 1024K, 26 young (26624K), 4 survivors (4096K)
 Metaspace       used 63956K, committed 64704K, reserved 1114112K
  class space    used 7364K, committed 7744K, reserved 1048576K
}
Event: 6.893 GC heap after
{Heap after GC invocations=29 (full 0):
 garbage-first heap   total 82944K, used 53504K [0x0000000083600000, 0x0000000100000000)
  region size 1024K, 4 young (4096K), 4 survivors (4096K)
 Metaspace       used 63956K, committed 64704K, reserved 1114112K
  class space    used 7364K, committed 7744K, reserved 1048576K
}
Event: 7.227 GC heap before
{Heap before GC invocations=29 (full 0):
 garbage-first heap   total 82944K, used 72960K [0x0000000083600000, 0x0000000100000000)
  region size 1024K, 23 young (23552K), 4 survivors (4096K)
 Metaspace       used 67141K, committed 67904K, reserved 1114112K
  class space    used 7680K, committed 8064K, reserved 1048576K
}
Event: 7.238 GC heap after
{Heap after GC invocations=30 (full 0):
 garbage-first heap   total 82944K, used 54936K [0x0000000083600000, 0x0000000100000000)
  region size 1024K, 2 young (2048K), 2 survivors (2048K)
 Metaspace       used 67141K, committed 67904K, reserved 1114112K
  class space    used 7680K, committed 8064K, reserved 1048576K
}
Event: 7.562 GC heap before
{Heap before GC invocations=31 (full 0):
 garbage-first heap   total 92160K, used 73368K [0x0000000083600000, 0x0000000100000000)
  region size 1024K, 21 young (21504K), 2 survivors (2048K)
 Metaspace       used 70598K, committed 71424K, reserved 1114112K
  class space    used 7992K, committed 8384K, reserved 1048576K
}
Event: 7.569 GC heap after
{Heap after GC invocations=32 (full 0):
 garbage-first heap   total 92160K, used 56654K [0x0000000083600000, 0x0000000100000000)
  region size 1024K, 3 young (3072K), 3 survivors (3072K)
 Metaspace       used 70598K, committed 71424K, reserved 1114112K
  class space    used 7992K, committed 8384K, reserved 1048576K
}
Event: 7.913 GC heap before
{Heap before GC invocations=32 (full 0):
 garbage-first heap   total 92160K, used 81230K [0x0000000083600000, 0x0000000100000000)
  region size 1024K, 27 young (27648K), 3 survivors (3072K)
 Metaspace       used 74254K, committed 75072K, reserved 1179648K
  class space    used 8360K, committed 8768K, reserved 1048576K
}
Event: 7.925 GC heap after
{Heap after GC invocations=33 (full 0):
 garbage-first heap   total 110592K, used 58818K [0x0000000083600000, 0x0000000100000000)
  region size 1024K, 4 young (4096K), 4 survivors (4096K)
 Metaspace       used 74254K, committed 75072K, reserved 1179648K
  class space    used 8360K, committed 8768K, reserved 1048576K
}

Dll operation events (3 events):
Event: 0.006 Loaded shared library C:\Program Files\Android\Android Studio\jbr\bin\java.dll
Event: 0.010 Loaded shared library C:\Program Files\Android\Android Studio\jbr\bin\zip.dll
Event: 0.862 Loaded shared library C:\Program Files\Android\Android Studio\jbr\bin\verify.dll

Deoptimization events (20 events):
Event: 7.862 Thread 0x0000014f88119220 Uncommon trap: trap_request=0xffffff45 fr.pc=0x0000014f9481a9ac relative=0x000000000000008c
Event: 7.862 Thread 0x0000014f88119220 Uncommon trap: reason=unstable_if action=reinterpret pc=0x0000014f9481a9ac method=org.jetbrains.kotlin.ir.declarations.IrValueParameter.acceptChildren(Lorg/jetbrains/kotlin/ir/visitors/IrElementVisitor;Ljava/lang/Object;)V @ 11 c2
Event: 7.862 Thread 0x0000014f88119220 DEOPT PACKING pc=0x0000014f9481a9ac sp=0x000000051d0fd3b0
Event: 7.862 Thread 0x0000014f88119220 DEOPT UNPACKING pc=0x0000014f93fb7da2 sp=0x000000051d0fd358 mode 2
Event: 7.961 Thread 0x0000014f88119220 Uncommon trap: trap_request=0xffffffde fr.pc=0x0000014f947c3d2c relative=0x00000000000002ac
Event: 7.961 Thread 0x0000014f88119220 Uncommon trap: reason=class_check action=maybe_recompile pc=0x0000014f947c3d2c method=org.jetbrains.kotlin.com.intellij.extapi.psi.ASTDelegatePsiElement.getTextRange()Lorg/jetbrains/kotlin/com/intellij/openapi/util/TextRange; @ 4 c2
Event: 7.961 Thread 0x0000014f88119220 DEOPT PACKING pc=0x0000014f947c3d2c sp=0x000000051d0fb040
Event: 7.961 Thread 0x0000014f88119220 DEOPT UNPACKING pc=0x0000014f93fb7da2 sp=0x000000051d0fafe8 mode 2
Event: 7.961 Thread 0x0000014f88119220 Uncommon trap: trap_request=0xffffffde fr.pc=0x0000014f947c3d2c relative=0x00000000000002ac
Event: 7.961 Thread 0x0000014f88119220 Uncommon trap: reason=class_check action=maybe_recompile pc=0x0000014f947c3d2c method=org.jetbrains.kotlin.com.intellij.extapi.psi.ASTDelegatePsiElement.getTextRange()Lorg/jetbrains/kotlin/com/intellij/openapi/util/TextRange; @ 4 c2
Event: 7.961 Thread 0x0000014f88119220 DEOPT PACKING pc=0x0000014f947c3d2c sp=0x000000051d0fb040
Event: 7.961 Thread 0x0000014f88119220 DEOPT UNPACKING pc=0x0000014f93fb7da2 sp=0x000000051d0fafe8 mode 2
Event: 7.962 Thread 0x0000014f88119220 Uncommon trap: trap_request=0xffffffde fr.pc=0x0000014f947c3d2c relative=0x00000000000002ac
Event: 7.962 Thread 0x0000014f88119220 Uncommon trap: reason=class_check action=maybe_recompile pc=0x0000014f947c3d2c method=org.jetbrains.kotlin.com.intellij.extapi.psi.ASTDelegatePsiElement.getTextRange()Lorg/jetbrains/kotlin/com/intellij/openapi/util/TextRange; @ 4 c2
Event: 7.962 Thread 0x0000014f88119220 DEOPT PACKING pc=0x0000014f947c3d2c sp=0x000000051d0fb4b0
Event: 7.962 Thread 0x0000014f88119220 DEOPT UNPACKING pc=0x0000014f93fb7da2 sp=0x000000051d0fb458 mode 2
Event: 7.962 Thread 0x0000014f88119220 Uncommon trap: trap_request=0xffffffde fr.pc=0x0000014f947c3d2c relative=0x00000000000002ac
Event: 7.962 Thread 0x0000014f88119220 Uncommon trap: reason=class_check action=maybe_recompile pc=0x0000014f947c3d2c method=org.jetbrains.kotlin.com.intellij.extapi.psi.ASTDelegatePsiElement.getTextRange()Lorg/jetbrains/kotlin/com/intellij/openapi/util/TextRange; @ 4 c2
Event: 7.962 Thread 0x0000014f88119220 DEOPT PACKING pc=0x0000014f947c3d2c sp=0x000000051d0fb4b0
Event: 7.962 Thread 0x0000014f88119220 DEOPT UNPACKING pc=0x0000014f93fb7da2 sp=0x000000051d0fb458 mode 2

Classes loaded (20 events):
Event: 7.109 Loading class java/text/NumberFormat done
Event: 7.109 Loading class java/text/ChoiceFormat done
Event: 7.110 Loading class jdk/internal/math/FloatingDecimal$ASCIIToBinaryBuffer
Event: 7.110 Loading class jdk/internal/math/FloatingDecimal$ASCIIToBinaryBuffer done
Event: 7.124 Loading class java/lang/invoke/DirectMethodHandle$1
Event: 7.124 Loading class java/lang/invoke/DirectMethodHandle$1 done
Event: 7.133 Loading class java/text/FieldPosition
Event: 7.133 Loading class java/text/FieldPosition done
Event: 7.133 Loading class java/util/Date
Event: 7.133 Loading class java/util/Date done
Event: 7.133 Loading class java/text/MessageFormat$Field
Event: 7.133 Loading class java/text/Format$Field
Event: 7.133 Loading class java/text/AttributedCharacterIterator$Attribute
Event: 7.134 Loading class java/text/AttributedCharacterIterator$Attribute done
Event: 7.134 Loading class java/text/Format$Field done
Event: 7.134 Loading class java/text/MessageFormat$Field done
Event: 7.976 Loading class jdk/internal/math/FloatToDecimal
Event: 7.976 Loading class jdk/internal/math/FloatToDecimal done
Event: 7.977 Loading class jdk/internal/math/MathUtils
Event: 7.977 Loading class jdk/internal/math/MathUtils done

Classes unloaded (0 events):
No events

Classes redefined (0 events):
No events

Internal exceptions (20 events):
Event: 4.747 Thread 0x0000014f88119220 Exception <a 'java/lang/NoSuchMethodError'{0x000000008678c980}: 'java.lang.Object java.lang.invoke.DirectMethodHandle$Holder.invokeSpecial(java.lang.Object, java.lang.Object, java.lang.Object, java.lang.Object, java.lang.Object, int)'> (0x000000008678c980) 
thrown [s\src\hotspot\share\interpreter\linkResolver.cpp, line 784]
Event: 4.747 Thread 0x0000014f88119220 Exception <a 'java/lang/NoSuchMethodError'{0x0000000086790c10}: 'java.lang.Object java.lang.invoke.Invokers$Holder.linkToTargetMethod(java.lang.Object, java.lang.Object, java.lang.Object, int, java.lang.Object)'> (0x0000000086790c10) 
thrown [s\src\hotspot\share\interpreter\linkResolver.cpp, line 784]
Event: 4.795 Thread 0x0000014f88119220 Exception <a 'java/lang/NoSuchMethodError'{0x000000008b3c4848}: 'void java.lang.invoke.DirectMethodHandle$Holder.invokeInterface(java.lang.Object, java.lang.Object)'> (0x000000008b3c4848) 
thrown [s\src\hotspot\share\interpreter\linkResolver.cpp, line 784]
Event: 4.848 Thread 0x0000014f88119220 Exception <a 'java/lang/IncompatibleClassChangeError'{0x000000008768cc28}: Found class java.lang.Object, but interface was expected> (0x000000008768cc28) 
thrown [s\src\hotspot\share\interpreter\linkResolver.cpp, line 851]
Event: 4.866 Thread 0x0000014f88119220 Implicit null exception at 0x0000014f9463a95a to 0x0000014f9463aa58
Event: 4.916 Thread 0x0000014f88119220 Implicit null exception at 0x0000014f9474239f to 0x0000014f94743830
Event: 4.916 Thread 0x0000014f88119220 Implicit null exception at 0x0000014f947356e9 to 0x0000014f94735e70
Event: 5.029 Thread 0x0000014f88119220 Exception <a 'java/lang/NoSuchMethodError'{0x0000000086ed4cf8}: 'int java.lang.invoke.DirectMethodHandle$Holder.invokeStaticInit(java.lang.Object, int)'> (0x0000000086ed4cf8) 
thrown [s\src\hotspot\share\interpreter\linkResolver.cpp, line 784]
Event: 5.284 Thread 0x0000014f88119220 Exception <a 'java/lang/NoSuchMethodError'{0x00000000872e3260}: 'java.lang.Object java.lang.invoke.DirectMethodHandle$Holder.invokeStatic(java.lang.Object, int, java.lang.Object)'> (0x00000000872e3260) 
thrown [s\src\hotspot\share\interpreter\linkResolver.cpp, line 784]
Event: 5.325 Thread 0x0000014f88119220 Exception <a 'java/lang/NoSuchMethodError'{0x000000008703a0b8}: 'java.lang.Object java.lang.invoke.DirectMethodHandle$Holder.invokeInterface(java.lang.Object, java.lang.Object, java.lang.Object)'> (0x000000008703a0b8) 
thrown [s\src\hotspot\share\interpreter\linkResolver.cpp, line 784]
Event: 5.325 Thread 0x0000014f88119220 Exception <a 'java/lang/IncompatibleClassChangeError'{0x000000008703d760}: Found class java.lang.Object, but interface was expected> (0x000000008703d760) 
thrown [s\src\hotspot\share\interpreter\linkResolver.cpp, line 851]
Event: 5.730 Thread 0x0000014f88119220 Implicit null exception at 0x0000014f9477f1ca to 0x0000014f9477f41c
Event: 7.077 Thread 0x0000014f88119220 Exception <a 'java/lang/NoSuchMethodError'{0x0000000087c645a8}: 'int java.lang.invoke.Invokers$Holder.invokeExact_MT(java.lang.Object, java.lang.Object, java.lang.Object)'> (0x0000000087c645a8) 
thrown [s\src\hotspot\share\interpreter\linkResolver.cpp, line 784]
Event: 7.077 Thread 0x0000014f88119220 Exception <a 'java/lang/NoSuchMethodError'{0x0000000087c68cb0}: 'void java.lang.invoke.Invokers$Holder.invokeExact_MT(java.lang.Object, java.lang.Object, java.lang.Object, java.lang.Object)'> (0x0000000087c68cb0) 
thrown [s\src\hotspot\share\interpreter\linkResolver.cpp, line 784]
Event: 7.097 Thread 0x0000014f88119220 Exception <a 'java/lang/NoSuchMethodError'{0x0000000087b99460}: 'java.lang.Object java.lang.invoke.DirectMethodHandle$Holder.invokeStaticInit(java.lang.Object, java.lang.Object, java.lang.Object, java.lang.Object)'> (0x0000000087b99460) 
thrown [s\src\hotspot\share\interpreter\linkResolver.cpp, line 784]
Event: 7.430 Thread 0x0000014f88119220 Implicit null exception at 0x0000014f945e2225 to 0x0000014f945e2488
Event: 7.439 Thread 0x0000014f88119220 Exception <a 'java/lang/NoSuchMethodError'{0x00000000885bdac0}: 'java.lang.Object java.lang.invoke.DirectMethodHandle$Holder.invokeSpecial(java.lang.Object, java.lang.Object, int, int, java.lang.Object, java.lang.Object, java.lang.Object, java.lang.Object, java.lang.Object)'> (0x00000000885bdac0) 
thrown [s\src\hotspot\share\interpreter\linkResolver.cpp, line 784]
Event: 7.444 Thread 0x0000014f88119220 Exception <a 'java/lang/NoSuchMethodError'{0x00000000885eb018}: 'java.lang.Object java.lang.invoke.DirectMethodHandle$Holder.newInvokeSpecial(java.lang.Object, int, java.lang.Object, java.lang.Object)'> (0x00000000885eb018) 
thrown [s\src\hotspot\share\interpreter\linkResolver.cpp, line 784]
Event: 7.485 Thread 0x0000014f88119220 Exception <a 'java/lang/NoSuchMethodError'{0x00000000881665a0}: 'java.lang.Object java.lang.invoke.DirectMethodHandle$Holder.newInvokeSpecial(java.lang.Object, java.lang.Object, java.lang.Object, int, int)'> (0x00000000881665a0) 
thrown [s\src\hotspot\share\interpreter\linkResolver.cpp, line 784]
Event: 7.486 Thread 0x0000014f88119220 Exception <a 'java/lang/NoSuchMethodError'{0x000000008816a180}: 'java.lang.Object java.lang.invoke.DirectMethodHandle$Holder.invokeSpecial(java.lang.Object, java.lang.Object, java.lang.Object, java.lang.Object, int, int)'> (0x000000008816a180) 
thrown [s\src\hotspot\share\interpreter\linkResolver.cpp, line 784]

ZGC Phase Switch (0 events):
No events

VM Operations (20 events):
Event: 7.758 Executing VM operation: HandshakeAllThreads (Deoptimize)
Event: 7.758 Executing VM operation: HandshakeAllThreads (Deoptimize) done
Event: 7.808 Executing VM operation: HandshakeAllThreads (Deoptimize)
Event: 7.808 Executing VM operation: HandshakeAllThreads (Deoptimize) done
Event: 7.810 Executing VM operation: HandshakeAllThreads (Deoptimize)
Event: 7.810 Executing VM operation: HandshakeAllThreads (Deoptimize) done
Event: 7.811 Executing VM operation: HandshakeAllThreads (Deoptimize)
Event: 7.811 Executing VM operation: HandshakeAllThreads (Deoptimize) done
Event: 7.842 Executing VM operation: HandshakeAllThreads (Deoptimize)
Event: 7.842 Executing VM operation: HandshakeAllThreads (Deoptimize) done
Event: 7.843 Executing VM operation: HandshakeAllThreads (Deoptimize)
Event: 7.843 Executing VM operation: HandshakeAllThreads (Deoptimize) done
Event: 7.848 Executing VM operation: HandshakeAllThreads (Deoptimize)
Event: 7.848 Executing VM operation: HandshakeAllThreads (Deoptimize) done
Event: 7.913 Executing VM operation: G1CollectForAllocation (G1 Evacuation Pause)
Event: 7.925 Executing VM operation: G1CollectForAllocation (G1 Evacuation Pause) done
Event: 7.943 Executing VM operation: HandshakeAllThreads (Deoptimize)
Event: 7.943 Executing VM operation: HandshakeAllThreads (Deoptimize) done
Event: 7.945 Executing VM operation: HandshakeAllThreads (Deoptimize)
Event: 7.945 Executing VM operation: HandshakeAllThreads (Deoptimize) done

Memory protections (0 events):
No events

Nmethod flushes (20 events):
Event: 7.295 Thread 0x0000014fa1828450 flushing  nmethod 0x0000014f8d27a790
Event: 7.295 Thread 0x0000014fa1828450 flushing  nmethod 0x0000014f8d282310
Event: 7.295 Thread 0x0000014fa1828450 flushing  nmethod 0x0000014f8d289310
Event: 7.295 Thread 0x0000014fa1828450 flushing  nmethod 0x0000014f8d2c4e90
Event: 7.295 Thread 0x0000014fa1828450 flushing  nmethod 0x0000014f8d2dad90
Event: 7.295 Thread 0x0000014fa1828450 flushing  nmethod 0x0000014f8d2e1990
Event: 7.295 Thread 0x0000014fa1828450 flushing  nmethod 0x0000014f8d382810
Event: 7.295 Thread 0x0000014fa1828450 flushing  nmethod 0x0000014f8d3d4790
Event: 7.295 Thread 0x0000014fa1828450 flushing  nmethod 0x0000014f8d3d5b10
Event: 7.295 Thread 0x0000014fa1828450 flushing  nmethod 0x0000014f8d3ddc90
Event: 7.295 Thread 0x0000014fa1828450 flushing  nmethod 0x0000014f8d467390
Event: 7.295 Thread 0x0000014fa1828450 flushing  nmethod 0x0000014f8d48ec90
Event: 7.295 Thread 0x0000014fa1828450 flushing  nmethod 0x0000014f8d513090
Event: 7.295 Thread 0x0000014fa1828450 flushing  nmethod 0x0000014f8d52fa90
Event: 7.295 Thread 0x0000014fa1828450 flushing  nmethod 0x0000014f8d5bfb10
Event: 7.295 Thread 0x0000014fa1828450 flushing  nmethod 0x0000014f8d68b110
Event: 7.295 Thread 0x0000014fa1828450 flushing  nmethod 0x0000014f8d6d7790
Event: 7.295 Thread 0x0000014fa1828450 flushing  nmethod 0x0000014f8d706510
Event: 7.295 Thread 0x0000014fa1828450 flushing  nmethod 0x0000014f8d739b10
Event: 7.295 Thread 0x0000014fa1828450 flushing  nmethod 0x0000014f8d73a390

Events (16 events):
Event: 0.009 Thread 0x0000014f88119220 Thread added: 0x0000014f88119220
Event: 0.046 Thread 0x0000014f88119220 Thread added: 0x0000014fa188e920
Event: 0.046 Thread 0x0000014f88119220 Thread added: 0x0000014fa184a9a0
Event: 0.047 Thread 0x0000014f88119220 Thread added: 0x0000014fa1890fa0
Event: 0.047 Thread 0x0000014f88119220 Thread added: 0x0000014fa18abbb0
Event: 0.047 Thread 0x0000014f88119220 Thread added: 0x0000014fa18ac220
Event: 0.047 Thread 0x0000014f88119220 Thread added: 0x0000014fa18acc80
Event: 0.047 Thread 0x0000014f88119220 Thread added: 0x0000014fa18ae020
Event: 0.047 Thread 0x0000014f88119220 Thread added: 0x0000014fa18b1fd0
Event: 0.073 Thread 0x0000014f88119220 Thread added: 0x0000014fa1a4dc90
Event: 0.077 Thread 0x0000014f88119220 Thread added: 0x0000014fa1a59520
Event: 0.084 Loaded shared library C:\Program Files\Android\Android Studio\jbr\bin\net.dll
Event: 0.086 Loaded shared library C:\Program Files\Android\Android Studio\jbr\bin\nio.dll
Event: 0.111 Thread 0x0000014fa18ae020 Thread added: 0x0000014fa1a6e6a0
Event: 0.122 Loaded shared library C:\Program Files\Android\Android Studio\jbr\bin\zip.dll
Event: 0.153 Loaded shared library C:\Program Files\Android\Android Studio\jbr\bin\jimage.dll


Dynamic libraries:
0x00007ff65f7a0000 - 0x00007ff65f7aa000 	C:\Program Files\Android\Android Studio\jbr\bin\java.exe
0x00007ff934610000 - 0x00007ff934827000 	C:\Windows\SYSTEM32\ntdll.dll
0x00007ff933ed0000 - 0x00007ff933f94000 	C:\Windows\System32\KERNEL32.DLL
0x00007ff931b10000 - 0x00007ff931ee3000 	C:\Windows\System32\KERNELBASE.dll
0x00007ff9318f0000 - 0x00007ff931a01000 	C:\Windows\System32\ucrtbase.dll
0x00007ff92cda0000 - 0x00007ff92cdbb000 	C:\Program Files\Android\Android Studio\jbr\bin\VCRUNTIME140.dll
0x00007ff92de00000 - 0x00007ff92de18000 	C:\Program Files\Android\Android Studio\jbr\bin\jli.dll
0x00007ff9323c0000 - 0x00007ff932571000 	C:\Windows\System32\USER32.dll
0x00007ff91a540000 - 0x00007ff91a7db000 	C:\Windows\WinSxS\amd64_microsoft.windows.common-controls_6595b64144ccf1df_6.0.22621.5262_none_2712bde373830908\COMCTL32.dll
0x00007ff931ef0000 - 0x00007ff931f16000 	C:\Windows\System32\win32u.dll
0x00007ff933e20000 - 0x00007ff933ec7000 	C:\Windows\System32\msvcrt.dll
0x00007ff9340e0000 - 0x00007ff934109000 	C:\Windows\System32\GDI32.dll
0x00007ff9317c0000 - 0x00007ff9318e2000 	C:\Windows\System32\gdi32full.dll
0x00007ff931f20000 - 0x00007ff931fba000 	C:\Windows\System32\msvcp_win.dll
0x00007ff934080000 - 0x00007ff9340b1000 	C:\Windows\System32\IMM32.DLL
0x00007ff92cdd0000 - 0x00007ff92cddc000 	C:\Program Files\Android\Android Studio\jbr\bin\vcruntime140_1.dll
0x00007ff8fa070000 - 0x00007ff8fa0fd000 	C:\Program Files\Android\Android Studio\jbr\bin\msvcp140.dll
0x00007ff8ccc70000 - 0x00007ff8cd8f3000 	C:\Program Files\Android\Android Studio\jbr\bin\server\jvm.dll
0x00007ff933d60000 - 0x00007ff933e11000 	C:\Windows\System32\ADVAPI32.dll
0x00007ff933190000 - 0x00007ff933237000 	C:\Windows\System32\sechost.dll
0x00007ff932270000 - 0x00007ff932298000 	C:\Windows\System32\bcrypt.dll
0x00007ff9322a0000 - 0x00007ff9323b4000 	C:\Windows\System32\RPCRT4.dll
0x00007ff933fa0000 - 0x00007ff934011000 	C:\Windows\System32\WS2_32.dll
0x00007ff931420000 - 0x00007ff93146d000 	C:\Windows\SYSTEM32\POWRPROF.dll
0x00007ff92c800000 - 0x00007ff92c80a000 	C:\Windows\SYSTEM32\VERSION.dll
0x00007ff92cb50000 - 0x00007ff92cb84000 	C:\Windows\SYSTEM32\WINMM.dll
0x00007ff931400000 - 0x00007ff931413000 	C:\Windows\SYSTEM32\UMPDC.dll
0x00007ff930700000 - 0x00007ff930718000 	C:\Windows\SYSTEM32\kernel.appcore.dll
0x00007ff92c3a0000 - 0x00007ff92c3aa000 	C:\Program Files\Android\Android Studio\jbr\bin\jimage.dll
0x00007ff92d360000 - 0x00007ff92d592000 	C:\Windows\SYSTEM32\DBGHELP.DLL
0x00007ff932580000 - 0x00007ff932913000 	C:\Windows\System32\combase.dll
0x00007ff9329b0000 - 0x00007ff932a87000 	C:\Windows\System32\OLEAUT32.dll
0x00007ff918410000 - 0x00007ff918442000 	C:\Windows\SYSTEM32\dbgcore.DLL
0x00007ff931a90000 - 0x00007ff931b0b000 	C:\Windows\System32\bcryptPrimitives.dll
0x00007ff929870000 - 0x00007ff929890000 	C:\Program Files\Android\Android Studio\jbr\bin\java.dll
0x00007ff91f810000 - 0x00007ff91f828000 	C:\Program Files\Android\Android Studio\jbr\bin\zip.dll
0x00007ff9332f0000 - 0x00007ff933b8d000 	C:\Windows\System32\SHELL32.dll
0x00007ff931fc0000 - 0x00007ff9320ff000 	C:\Windows\System32\wintypes.dll
0x00007ff92f5f0000 - 0x00007ff92ff0d000 	C:\Windows\SYSTEM32\windows.storage.dll
0x00007ff933070000 - 0x00007ff93317b000 	C:\Windows\System32\SHCORE.dll
0x00007ff934310000 - 0x00007ff934376000 	C:\Windows\System32\shlwapi.dll
0x00007ff931630000 - 0x00007ff93165b000 	C:\Windows\SYSTEM32\profapi.dll
0x00007ff92a5e0000 - 0x00007ff92a5f0000 	C:\Program Files\Android\Android Studio\jbr\bin\net.dll
0x00007ff92e3b0000 - 0x00007ff92e4dc000 	C:\Windows\SYSTEM32\WINHTTP.dll
0x00007ff930b70000 - 0x00007ff930bda000 	C:\Windows\system32\mswsock.dll
0x00007ff91f490000 - 0x00007ff91f4a6000 	C:\Program Files\Android\Android Studio\jbr\bin\nio.dll
0x00007ff91f210000 - 0x00007ff91f220000 	C:\Program Files\Android\Android Studio\jbr\bin\verify.dll

dbghelp: loaded successfully - version: 4.0.5 - missing functions: none
symbol engine: initialized successfully - sym options: 0x614 - pdb path: .;C:\Program Files\Android\Android Studio\jbr\bin;C:\Windows\SYSTEM32;C:\Windows\WinSxS\amd64_microsoft.windows.common-controls_6595b64144ccf1df_6.0.22621.5262_none_2712bde373830908;C:\Program Files\Android\Android Studio\jbr\bin\server

VM Arguments:
java_command: org.jetbrains.kotlin.cli.jvm.K2JVMCompiler @D:\project kotlin\app\build\20250629_1792741515550242541.compiler.options
java_class_path (initial): C:\Users\Admin\.gradle\caches\modules-2\files-2.1\org.jetbrains.kotlin\kotlin-compiler-embeddable\1.9.24\78dab849090e6c5e2eadb6e59a11cdc28fb67a08\kotlin-compiler-embeddable-1.9.24.jar;C:\Users\Admin\.gradle\caches\modules-2\files-2.1\org.jetbrains.kotlin\kotlin-stdlib\1.9.24\9928532f12c66ad816a625b3f9984f8368ca6d2b\kotlin-stdlib-1.9.24.jar;C:\Users\Admin\.gradle\caches\modules-2\files-2.1\org.jetbrains.kotlin\kotlin-script-runtime\1.9.24\96771497da90fbc5af1c90fce148db2595a62502\kotlin-script-runtime-1.9.24.jar;C:\Users\Admin\.gradle\caches\modules-2\files-2.1\org.jetbrains.kotlin\kotlin-reflect\1.6.10\1cbe9c92c12a94eea200d23c2bbaedaf3daf5132\kotlin-reflect-1.6.10.jar;C:\Users\Admin\.gradle\caches\modules-2\files-2.1\org.jetbrains.kotlin\kotlin-daemon-embeddable\1.9.24\86685b9c5e8d170925bd9ddbdc263374a6a73281\kotlin-daemon-embeddable-1.9.24.jar;C:\Users\Admin\.gradle\caches\modules-2\files-2.1\org.jetbrains.intellij.deps\trove4j\1.0.20200330\3afb14d5f9ceb459d724e907a21145e8ff394f02\trove4j-1.0.20200330.jar;C:\Users\Admin\.gradle\caches\modules-2\files-2.1\org.jetbrains\annotations\13.0\919f0dfe192fb4e063e7dacadee7f8bb9a2672a9\annotations-13.0.jar
Launcher Type: SUN_STANDARD

[Global flags]
     intx CICompilerCount                          = 4                                         {product} {ergonomic}
     uint ConcGCThreads                            = 2                                         {product} {ergonomic}
     uint G1ConcRefinementThreads                  = 8                                         {product} {ergonomic}
   size_t G1HeapRegionSize                         = 1048576                                   {product} {ergonomic}
    uintx GCDrainStackTargetSize                   = 64                                        {product} {ergonomic}
   size_t InitialHeapSize                          = 132120576                                 {product} {ergonomic}
   size_t MarkStackSize                            = 4194304                                   {product} {ergonomic}
   size_t MaxHeapSize                              = 2090860544                                {product} {ergonomic}
   size_t MaxNewSize                               = 1254096896                                {product} {ergonomic}
   size_t MinHeapDeltaBytes                        = 1048576                                   {product} {ergonomic}
   size_t MinHeapSize                              = 8388608                                   {product} {ergonomic}
    uintx NonNMethodCodeHeapSize                   = 5839372                                {pd product} {ergonomic}
    uintx NonProfiledCodeHeapSize                  = 122909434                              {pd product} {ergonomic}
    uintx ProfiledCodeHeapSize                     = 122909434                              {pd product} {ergonomic}
    uintx ReservedCodeCacheSize                    = 251658240                              {pd product} {ergonomic}
     bool SegmentedCodeCache                       = true                                      {product} {ergonomic}
   size_t SoftMaxHeapSize                          = 2090860544                             {manageable} {ergonomic}
     bool UseCompressedOops                        = true                           {product lp64_product} {ergonomic}
     bool UseG1GC                                  = true                                      {product} {ergonomic}
     bool UseLargePagesIndividualAllocation        = false                                  {pd product} {ergonomic}

Logging:
Log output configuration:
 #0: stdout all=warning uptime,level,tags foldmultilines=false
 #1: stderr all=off uptime,level,tags foldmultilines=false

Environment Variables:
PATH=C:\Program Files\Common Files\Oracle\Java\javapath;C:\Windows\system32;C:\Windows;C:\Windows\System32\Wbem;C:\Windows\System32\WindowsPowerShell\v1.0\;C:\Windows\System32\OpenSSH\;C:\Program Files\Git\cmd;C:\Program Files (x86)\Windows Kits\10\Windows Performance Toolkit\;C:\xampp\php;C:\ProgramData\ComposerSetup\bin;C:\Users\Admin\AppData\Local\Android\sdk\platform-tools;D:\OSserver\;C:\Program Files\Docker\Docker\resources\bin;D:\OSserver\OSPanel\bin;C:\Users\Admin\AppData\Local\Programs\Python\Python310\Scripts\;C:\Users\Admin\AppData\Local\Programs\Python\Python310\;C:\Users\Admin\AppData\Local\Programs\Python\Launcher\;C:\Users\Admin\AppData\Local\Microsoft\WindowsApps;C:\Users\Admin\AppData\Local\Programs\Microsoft VS Code\bin;C:\Users\Admin\AppData\Roaming\Composer\vendor\bin;C:\Program Files\Java\jdk-22\bin;C:\Users\Admin\AppData\Local\Programs\Python\Python312;C:\Users\Admin\AppData\Local\Programs\Python\Python312\Scripts;C:\Users\Admin\AppData\Roaming\npm;C:\Program Files\nodejs\;
USERNAME=Admin
OS=Windows_NT
PROCESSOR_IDENTIFIER=Intel64 Family 6 Model 140 Stepping 2, GenuineIntel
TMP=C:\Users\Admin\AppData\Local\Temp
TEMP=C:\Users\Admin\AppData\Local\Temp




Periodic native trim disabled

JNI global refs:
JNI global refs: 11, weak refs: 11

JNI global refs memory usage: 835, weak refs: 833

Process memory usage:
Resident Set Size: 318772K (3% of 8166712K total physical memory with 252048K free physical memory)

OOME stack traces (most recent first):
Classloader memory used:
Loader jdk.internal.loader.ClassLoaders$AppClassLoader                                 : 61838K
Loader bootstrap                                                                       : 12850K

---------------  S Y S T E M  ---------------

OS:
 Windows 11 , 64 bit Build 22621 (10.0.22621.5262)
OS uptime: 23 days 15:20 hours
Hyper-V role detected

CPU: total 8 (initial active 8) (4 cores per cpu, 2 threads per core) family 6 model 140 stepping 2 microcode 0x26, cx8, cmov, fxsr, ht, mmx, 3dnowpref, sse, sse2, sse3, ssse3, sse4.1, sse4.2, popcnt, lzcnt, tsc, tscinvbit, avx, avx2, aes, erms, clmul, bmi1, bmi2, adx, avx512f, avx512dq, avx512cd, avx512bw, avx512vl, sha, fma, vzeroupper, avx512_vpopcntdq, avx512_vpclmulqdq, avx512_vaes, avx512_vnni, clflush, clflushopt, clwb, avx512_vbmi2, avx512_vbmi, hv, rdtscp, rdpid, fsrm, gfni, avx512_bitalg, f16c, cet_ibt, cet_ss, avx512_ifma
Processor Information for processor 0
  Max Mhz: 2496, Current Mhz: 2496, Mhz Limit: 2496
Processor Information for processor 1
  Max Mhz: 2496, Current Mhz: 2496, Mhz Limit: 2496
Processor Information for processor 2
  Max Mhz: 2496, Current Mhz: 2496, Mhz Limit: 2496
Processor Information for processor 3
  Max Mhz: 2496, Current Mhz: 2496, Mhz Limit: 2496
Processor Information for processor 4
  Max Mhz: 2496, Current Mhz: 2496, Mhz Limit: 2496
Processor Information for processor 5
  Max Mhz: 2496, Current Mhz: 2496, Mhz Limit: 2496
Processor Information for processor 6
  Max Mhz: 2496, Current Mhz: 2496, Mhz Limit: 2496
Processor Information for processor 7
  Max Mhz: 2496, Current Mhz: 1198, Mhz Limit: 2496

Memory: 4k page, system-wide physical 7975M (242M free)
TotalPageFile size 22042M (AvailPageFile size 7M)
current process WorkingSet (physical memory assigned to process): 312M, peak: 312M
current process commit charge ("private bytes"): 363M, peak: 365M

vm_info: OpenJDK 64-Bit Server VM (21.0.4+-12508038-b607.1) for windows-amd64 JRE (21.0.4+-12508038-b607.1), built on 2024-10-16T17:23:34Z by "builder" with MS VC++ 16.10 / 16.11 (VS2019)

END.
